Molly - Constellation Desktop Wallet [Beta] - Debug Build
---------------------------------------------------------
time="2020-02-02T18:01:04+01:00" level=info msg="[App] Starting"
time="2020-02-02T18:01:04+01:00" level=info msg="[WebView] Initialised"
time="2020-02-02T18:01:04+01:00" level=info msg="[Events] Starting"
time="2020-02-02T18:01:04+01:00" level=info msg="[IPC] Starting"
time="2020-02-02T18:01:04+01:00" level=info msg="[Bind] Starting"
time="2020-02-02T18:01:04+01:00" level=info msg="[Bind] Binding Go Functions/Methods"
time="2020-02-02T18:01:04+01:00" level=info msg="[Bind] Bound Method: main.WalletApplication.ChartDataInit()"
time="2020-02-02T18:01:04+01:00" level=info msg="[Events] Listening"
time="2020-02-02T18:01:04+01:00" level=info msg="[Bind] Bound Method: main.WalletApplication.CheckAccess()"
time="2020-02-02T18:01:04+01:00" level=info msg="[Bind] Bound Method: main.WalletApplication.Compare()"
time="2020-02-02T18:01:04+01:00" level=info msg="[Bind] Bound Method: main.WalletApplication.CreateEncryptedKeyStore()"
time="2020-02-02T18:01:04+01:00" level=info msg="[Bind] Bound Method: main.WalletApplication.CreateWallet()"
time="2020-02-02T18:01:04+01:00" level=info msg="[Bind] Bound Method: main.WalletApplication.ExportKeys()"
time="2020-02-02T18:01:04+01:00" level=info msg="[Bind] Bound Method: main.WalletApplication.GenerateDAGAddress()"
time="2020-02-02T18:01:04+01:00" level=info msg="[Bind] Bound Method: main.WalletApplication.GenerateSaltedHash()"
time="2020-02-02T18:01:04+01:00" level=info msg="[Bind] Bound Method: main.WalletApplication.ImportKey()"
time="2020-02-02T18:01:04+01:00" level=info msg="[Bind] Bound Method: main.WalletApplication.ImportKeys()"
time="2020-02-02T18:01:04+01:00" level=info msg="[Bind] Bound Method: main.WalletApplication.ImportWallet()"
time="2020-02-02T18:01:04+01:00" level=info msg="[Bind] Bound Method: main.WalletApplication.LogOut()"
time="2020-02-02T18:01:04+01:00" level=info msg="[Bind] Bound Method: main.WalletApplication.Login()"
time="2020-02-02T18:01:04+01:00" level=info msg="[Bind] Bound Method: main.WalletApplication.LoginError()"
time="2020-02-02T18:01:04+01:00" level=info msg="[Bind] Bound Method: main.WalletApplication.PrepareTransaction()"
time="2020-02-02T18:01:04+01:00" level=info msg="[Bind] Bound Method: main.WalletApplication.SelectDirToStoreKey()"
time="2020-02-02T18:01:04+01:00" level=info msg="[Bind] Bound Method: main.WalletApplication.SetImagePath()"
time="2020-02-02T18:01:04+01:00" level=info msg="[Bind] Bound Method: main.WalletApplication.SetWalletTag()"
time="2020-02-02T18:01:04+01:00" level=info msg="[Bind] Bound Method: main.WalletApplication.StoreImagePathInDB()"
time="2020-02-02T18:01:04+01:00" level=info msg="[Bind] Bound Method: main.WalletApplication.StoreWalletLabelInDB()"
time="2020-02-02T18:01:04+01:00" level=info msg="[Bind] Bound Method: main.WalletApplication.TempFileName()"
time="2020-02-02T18:01:04+01:00" level=info msg="[Bind] Bound Method: main.WalletApplication.TempPrintCreds()"
time="2020-02-02T18:01:04+01:00" level=info msg="[Bind] Bound Method: main.WalletApplication.TriggerTXFromFE()"
time="2020-02-02T18:01:04+01:00" level=info msg="[Bind] Bound Method: main.WalletApplication.UploadImage()"
time="2020-02-02T18:01:04+01:00" level=info msg="[Bind] Bound Method: main.WalletApplication.WalletKeystoreAccess()"
time="2020-02-02T18:01:04+01:00" level=info msg="DAG Directory: /home/vito/.dag"
time="2020-02-02T18:01:04+01:00" level=info msg="[WebView] Running..."
CONSOLE ERROR Unhandled Promise Rejection: NavigationDuplicated: Navigating to current location ("/dashboard") is not allowed
